
/home/runner/work/exp-stroop-effect-iiith/exp-stroop-effect-iiith/experiment/simulation/js/main.js
   27:5   warning  'ctx' is not defined                           no-undef
   27:25  warning  'canvas' is not defined                        no-undef
   27:39  warning  'canvas' is not defined                        no-undef
   30:45  warning  'fontSize' is assigned a value but never used  no-unused-vars
   33:25  warning  'canvas' is not defined                        no-undef
   39:5   warning  'ctx' is not defined                           no-undef
   40:5   warning  'ctx' is not defined                           no-undef
   44:20  warning  'canvas' is not defined                        no-undef
   47:9   warning  'ctx' is not defined                           no-undef
   47:32  warning  'canvas' is not defined                        no-undef
   54:5   warning  'ctx' is not defined                           no-undef
   55:5   warning  'ctx' is not defined                           no-undef
   56:5   warning  'ctx' is not defined                           no-undef
   57:5   warning  'ctx' is not defined                           no-undef
   58:5   warning  'ctx' is not defined                           no-undef
  142:25  warning  'canvas' is not defined                        no-undef
  145:5   warning  'ctx' is not defined                           no-undef
  146:5   warning  'ctx' is not defined                           no-undef
  146:24  warning  'canvas' is not defined                        no-undef
  146:38  warning  'canvas' is not defined                        no-undef
  148:5   warning  'ctx' is not defined                           no-undef
  149:5   warning  'ctx' is not defined                           no-undef
  150:5   warning  'ctx' is not defined                           no-undef
  178:18  warning  'canvas' is not defined                        no-undef
  182:22  warning  'canvas' is not defined                        no-undef
  185:9   warning  'canvas' is not defined                        no-undef
  186:9   warning  'canvas' is not defined                        no-undef
  188:9   warning  'ctx' is not defined                           no-undef
  189:9   warning  'ctx' is not defined                           no-undef
  190:9   warning  'ctx' is not defined                           no-undef
  205:10  warning  'endExperiment1' is defined but never used     no-unused-vars

✖ 31 problems (0 errors, 31 warnings)

